Using pre-set license
Built from '2022.3/staging' branch; Version is '2022.3.23f1 (dbb3f7c5b5c6) revision 14398455'; Using compiler version '192829333'; Build Type 'Release'
OS: 'Windows 10  (10.0.19045) 64bit Core' Language: 'ko' Physical Memory: 24539 MB
BatchMode: 1, IsHumanControllingUs: 0, StartBugReporterOnCrash: 0, Is64bit: 1, IsPro: 1

COMMAND LINE ARGUMENTS:
D:\ForUnity\UnitySource\Editor\2022.3.23f1\Editor\Unity.exe
-adb2
-batchMode
-noUpm
-name
AssetImportWorker0
-projectPath
D:/Unity20251Week/FirstProject/2025_OneWeek_First/FirstTake
-logFile
Logs/AssetImportWorker0.log
-srvPort
51134
Successfully changed project path to: D:/Unity20251Week/FirstProject/2025_OneWeek_First/FirstTake
D:/Unity20251Week/FirstProject/2025_OneWeek_First/FirstTake
[UnityMemory] Configuration Parameters - Can be set up in boot.config
    "memorysetup-bucket-allocator-granularity=16"
    "memorysetup-bucket-allocator-bucket-count=8"
    "memorysetup-bucket-allocator-block-size=33554432"
    "memorysetup-bucket-allocator-block-count=8"
    "memorysetup-main-allocator-block-size=16777216"
    "memorysetup-thread-allocator-block-size=16777216"
    "memorysetup-gfx-main-allocator-block-size=16777216"
    "memorysetup-gfx-thread-allocator-block-size=16777216"
    "memorysetup-cache-allocator-block-size=4194304"
    "memorysetup-typetree-allocator-block-size=2097152"
    "memorysetup-profiler-bucket-allocator-granularity=16"
    "memorysetup-profiler-bucket-allocator-bucket-count=8"
    "memorysetup-profiler-bucket-allocator-block-size=33554432"
    "memorysetup-profiler-bucket-allocator-block-count=8"
    "memorysetup-profiler-allocator-block-size=16777216"
    "memorysetup-profiler-editor-allocator-block-size=1048576"
    "memorysetup-temp-allocator-size-main=16777216"
    "memorysetup-job-temp-allocator-block-size=2097152"
    "memorysetup-job-temp-allocator-block-size-background=1048576"
    "memorysetup-job-temp-allocator-reduction-small-platforms=262144"
    "memorysetup-allocator-temp-initial-block-size-main=262144"
    "memorysetup-allocator-temp-initial-block-size-worker=262144"
    "memorysetup-temp-allocator-size-background-worker=32768"
    "memorysetup-temp-allocator-size-job-worker=262144"
    "memorysetup-temp-allocator-size-preload-manager=33554432"
    "memorysetup-temp-allocator-size-nav-mesh-worker=65536"
    "memorysetup-temp-allocator-size-audio-worker=65536"
    "memorysetup-temp-allocator-size-cloud-worker=32768"
    "memorysetup-temp-allocator-size-gi-baking-worker=262144"
    "memorysetup-temp-allocator-size-gfx=262144"
Player connection [6396] Host "[IP] 192.168.35.132 [Port] 0 [Flags] 2 [Guid] 711789684 [EditorId] 711789684 [Version] 1048832 [Id] WindowsEditor(7,DESKTOP-CK3UCUG) [Debug] 1 [PackageName] WindowsEditor [ProjectName] Editor" joined multi-casting on [225.0.0.222:54997]...

Player connection [6396] Host "[IP] 192.168.35.132 [Port] 0 [Flags] 2 [Guid] 711789684 [EditorId] 711789684 [Version] 1048832 [Id] WindowsEditor(7,DESKTOP-CK3UCUG) [Debug] 1 [PackageName] WindowsEditor [ProjectName] Editor" joined alternative multi-casting on [225.0.0.222:34997]...

[Physics::Module] Initialized MultithreadedJobDispatcher with 7 workers.
Refreshing native plugins compatible for Editor in 13.86 ms, found 3 plugins.
Preloading 0 native plugins for Editor in 0.00 ms.
Initialize engine version: 2022.3.23f1 (dbb3f7c5b5c6)
[Subsystems] Discovering subsystems at path D:/ForUnity/UnitySource/Editor/2022.3.23f1/Editor/Data/Resources/UnitySubsystems
[Subsystems] Discovering subsystems at path D:/Unity20251Week/FirstProject/2025_OneWeek_First/FirstTake/Assets
GfxDevice: creating device client; threaded=0; jobified=0
Direct3D:
    Version:  Direct3D 11.0 [level 11.1]
    Renderer: NVIDIA GeForce GTX 1070 (ID=0x1b81)
    Vendor:   NVIDIA
    VRAM:     8067 MB
    Driver:   32.0.15.6094
Initialize mono
Mono path[0] = 'D:/ForUnity/UnitySource/Editor/2022.3.23f1/Editor/Data/Managed'
Mono path[1] = 'D:/ForUnity/UnitySource/Editor/2022.3.23f1/Editor/Data/MonoBleedingEdge/lib/mono/unityjit-win32'
Mono config path = 'D:/ForUnity/UnitySource/Editor/2022.3.23f1/Editor/Data/MonoBleedingEdge/etc'
Using monoOptions --debugger-agent=transport=dt_socket,embedding=1,server=y,suspend=n,address=127.0.0.1:56336
Begin MonoManager ReloadAssembly
Registering precompiled unity dll's ...
Register platform support module: D:/ForUnity/UnitySource/Editor/2022.3.23f1/Editor/Data/PlaybackEngines/AndroidPlayer/UnityEditor.Android.Extensions.dll
Register platform support module: D:/ForUnity/UnitySource/Editor/2022.3.23f1/Editor/Data/PlaybackEngines/WindowsStandaloneSupport/UnityEditor.WindowsStandalone.Extensions.dll
Registered in 0.009645 seconds.
- Loaded All Assemblies, in  0.487 seconds
Native extension for WindowsStandalone target not found
Native extension for Android target not found
Android Extension - Scanning For ADB Devices 433 ms
Mono: successfully reloaded assembly
- Finished resetting the current domain, in  0.826 seconds
Domain Reload Profiling: 1312ms
	BeginReloadAssembly (173ms)
		ExecutionOrderSort (0ms)
		DisableScriptedObjects (0ms)
		BackupInstance (0ms)
		ReleaseScriptingObjects (0ms)
		CreateAndSetChildDomain (1ms)
	RebuildCommonClasses (47ms)
	RebuildNativeTypeToScriptingClass (14ms)
	initialDomainReloadingComplete (63ms)
	LoadAllAssembliesAndSetupDomain (189ms)
		LoadAssemblies (174ms)
		RebuildTransferFunctionScriptingTraits (0ms)
		AnalyzeDomain (185ms)
			TypeCache.Refresh (184ms)
				TypeCache.ScanAssembly (167ms)
			ScanForSourceGeneratedMonoScriptInfo (1ms)
			ResolveRequiredComponents (0ms)
	FinalizeReload (826ms)
		ReleaseScriptCaches (0ms)
		RebuildScriptCaches (0ms)
		SetupLoadedEditorAssemblies (760ms)
			LogAssemblyErrors (0ms)
			InitializePlatformSupportModulesInManaged (557ms)
			SetLoadedEditorAssemblies (4ms)
			RefreshPlugins (0ms)
			BeforeProcessingInitializeOnLoad (3ms)
			ProcessInitializeOnLoadAttributes (134ms)
			ProcessInitializeOnLoadMethodAttributes (62ms)
			AfterProcessingInitializeOnLoad (0ms)
			EditorAssembliesLoaded (0ms)
		ExecutionOrderSort2 (0ms)
		AwakeInstancesAfterBackupRestoration (0ms)
========================================================================
Worker process is ready to serve import requests
Begin MonoManager ReloadAssembly
- Loaded All Assemblies, in  0.814 seconds
Refreshing native plugins compatible for Editor in 5.40 ms, found 3 plugins.
Native extension for WindowsStandalone target not found
Native extension for Android target not found
Mono: successfully reloaded assembly
- Finished resetting the current domain, in  0.691 seconds
Domain Reload Profiling: 1505ms
	BeginReloadAssembly (210ms)
		ExecutionOrderSort (0ms)
		DisableScriptedObjects (7ms)
		BackupInstance (0ms)
		ReleaseScriptingObjects (0ms)
		CreateAndSetChildDomain (26ms)
	RebuildCommonClasses (46ms)
	RebuildNativeTypeToScriptingClass (13ms)
	initialDomainReloadingComplete (46ms)
	LoadAllAssembliesAndSetupDomain (498ms)
		LoadAssemblies (396ms)
		RebuildTransferFunctionScriptingTraits (0ms)
		AnalyzeDomain (244ms)
			TypeCache.Refresh (211ms)
				TypeCache.ScanAssembly (189ms)
			ScanForSourceGeneratedMonoScriptInfo (19ms)
			ResolveRequiredComponents (12ms)
	FinalizeReload (692ms)
		ReleaseScriptCaches (0ms)
		RebuildScriptCaches (0ms)
		SetupLoadedEditorAssemblies (492ms)
			LogAssemblyErrors (0ms)
			InitializePlatformSupportModulesInManaged (28ms)
			SetLoadedEditorAssemblies (4ms)
			RefreshPlugins (0ms)
			BeforeProcessingInitializeOnLoad (58ms)
			ProcessInitializeOnLoadAttributes (371ms)
			ProcessInitializeOnLoadMethodAttributes (28ms)
			AfterProcessingInitializeOnLoad (4ms)
			EditorAssembliesLoaded (0ms)
		ExecutionOrderSort2 (0ms)
		AwakeInstancesAfterBackupRestoration (22ms)
Launched and connected shader compiler UnityShaderCompiler.exe after 0.06 seconds
Refreshing native plugins compatible for Editor in 4.16 ms, found 3 plugins.
Preloading 0 native plugins for Editor in 0.00 ms.
Unloading 3263 Unused Serialized files (Serialized files now loaded: 0)
Unloading 33 unused Assets / (57.0 KB). Loaded Objects now: 3729.
Memory consumption went from 138.7 MB to 138.6 MB.
Total: 3.915000 ms (FindLiveObjects: 0.346100 ms CreateObjectMapping: 0.381700 ms MarkObjects: 3.072600 ms  DeleteObjects: 0.113600 ms)

AssetImportParameters requested are different than current active one (requested -> active):
  custom:container-demuxer-ogg: 62fdf1f143b41e24485cea50d1cbac27 -> 
  custom:video-decoder-ogg-theora: a1e56fd34408186e4bbccfd4996cb3dc -> 
  custom:framework-win-MediaFoundation: 216162199b28c13a410421893ffa2e32 -> 
  custom:CustomObjectIndexerAttribute: 9a22284fe3817be447336de3de66b15e -> 
  custom:container-demuxer-webm: 4f35f7cbe854078d1ac9338744f61a02 -> 
  custom:container-muxer-webm: aa71ff27fc2769a1b78a27578f13a17b -> 
  custom:video-decoder-webm-vp8: 9c59270c3fd7afecdb556c50c9e8de78 -> 
  custom:SearchIndexIgnoredProperties: e643bd26f0fe6173181afceb89e7c659 -> 
  custom:AudioImporter_EditorPlatform: d09bf68614088b80899f8185d706f6e7 -> 
  custom:video-encoder-webm-vp8: eb34c28f22e8b96e1ab97ce403110664 -> 
  custom:audio-decoder-ogg-vorbis: bf7c407c2cedff20999df2af8eb42d56 -> 
  custom:audio-encoder-webm-vorbis: bf7c407c2cedff20999df2af8eb42d56 -> 
========================================================================
Received Import Request.
  Time since last request: 6108.442996 seconds.
  path: Assets/ForPlayerAsset/Rake/Rake/Perfabs
  artifactKey: Guid(fd8e8766b40c88f41a3cf783eb2c6712) Importer(815301076,1909f56bfc062723c751e8b465ee728b)
Start importing Assets/ForPlayerAsset/Rake/Rake/Perfabs using Guid(fd8e8766b40c88f41a3cf783eb2c6712) Importer(815301076,1909f56bfc062723c751e8b465ee728b)  -> (artifact id: 'a496d1949d95a842e68e4973ba210e18') in 0.002771 seconds
Number of updated asset objects reloaded before import = 0
Number of asset objects unloaded after import = 0
========================================================================
Received Import Request.
  Time since last request: 1.756059 seconds.
  path: Assets/ForPlayerAsset/Rake/Rake/Perfabs/Rake_A.prefab
  artifactKey: Guid(3e629c8a7bae8fb4da5b582721aa3a7b) Importer(815301076,1909f56bfc062723c751e8b465ee728b)
Start importing Assets/ForPlayerAsset/Rake/Rake/Perfabs/Rake_A.prefab using Guid(3e629c8a7bae8fb4da5b582721aa3a7b) Importer(815301076,1909f56bfc062723c751e8b465ee728b)  -> (artifact id: '53c894f3923ae0093fa157260c2de1dc') in 0.260491 seconds
Number of updated asset objects reloaded before import = 0
Number of asset objects unloaded after import = 198
========================================================================
Received Import Request.
  Time since last request: 161.560882 seconds.
  path: Assets/Prefabs/Player/Rake
  artifactKey: Guid(ac95df8fe31fb4e4a8fa5700044c3bd1) Importer(815301076,1909f56bfc062723c751e8b465ee728b)
Start importing Assets/Prefabs/Player/Rake using Guid(ac95df8fe31fb4e4a8fa5700044c3bd1) Importer(815301076,1909f56bfc062723c751e8b465ee728b)  -> (artifact id: '56dd2a622e117f677aa364151c67f686') in 0.000860 seconds
Number of updated asset objects reloaded before import = 0
Number of asset objects unloaded after import = 0
========================================================================
Received Import Request.
  Time since last request: 8.719589 seconds.
  path: Assets/Prefabs/Player/Rake/Rake.prefab
  artifactKey: Guid(009418bc6e9f1154f9f29dedaeb2537b) Importer(815301076,1909f56bfc062723c751e8b465ee728b)
Start importing Assets/Prefabs/Player/Rake/Rake.prefab using Guid(009418bc6e9f1154f9f29dedaeb2537b) Importer(815301076,1909f56bfc062723c751e8b465ee728b)  -> (artifact id: 'ff433fbc29a7d03627be2bd49fc0d5de') in 0.034849 seconds
Number of updated asset objects reloaded before import = 0
Number of asset objects unloaded after import = 208
========================================================================
Received Import Request.
  Time since last request: 11.336638 seconds.
  path: Assets/Animator/Player/Rake
  artifactKey: Guid(05bd020b571f6ee4fb6f954386d48a3b) Importer(815301076,1909f56bfc062723c751e8b465ee728b)
Start importing Assets/Animator/Player/Rake using Guid(05bd020b571f6ee4fb6f954386d48a3b) Importer(815301076,1909f56bfc062723c751e8b465ee728b)  -> (artifact id: '9bde80c5b510ad3958ca86859b3db5cf') in 0.000687 seconds
Number of updated asset objects reloaded before import = 0
Number of asset objects unloaded after import = 0
========================================================================
Received Import Request.
  Time since last request: 5.170667 seconds.
  path: Assets/Animator/Player/Rake/NewBehaviourScript.cs
  artifactKey: Guid(abcfb007056e10845b3c90741ded600d) Importer(815301076,1909f56bfc062723c751e8b465ee728b)
Start importing Assets/Animator/Player/Rake/NewBehaviourScript.cs using Guid(abcfb007056e10845b3c90741ded600d) Importer(815301076,1909f56bfc062723c751e8b465ee728b)  -> (artifact id: '1ef11a83a76c98ead357990b1309586b') in 0.000499 seconds
Number of updated asset objects reloaded before import = 0
Number of asset objects unloaded after import = 0
========================================================================
Received Prepare
Begin MonoManager ReloadAssembly
- Loaded All Assemblies, in  0.572 seconds
Refreshing native plugins compatible for Editor in 5.44 ms, found 3 plugins.
Native extension for WindowsStandalone target not found
Native extension for Android target not found
Mono: successfully reloaded assembly
- Finished resetting the current domain, in  1.020 seconds
Domain Reload Profiling: 1590ms
	BeginReloadAssembly (218ms)
		ExecutionOrderSort (0ms)
		DisableScriptedObjects (5ms)
		BackupInstance (0ms)
		ReleaseScriptingObjects (0ms)
		CreateAndSetChildDomain (41ms)
	RebuildCommonClasses (46ms)
	RebuildNativeTypeToScriptingClass (12ms)
	initialDomainReloadingComplete (33ms)
	LoadAllAssembliesAndSetupDomain (262ms)
		LoadAssemblies (382ms)
		RebuildTransferFunctionScriptingTraits (0ms)
		AnalyzeDomain (16ms)
			TypeCache.Refresh (7ms)
				TypeCache.ScanAssembly (0ms)
			ScanForSourceGeneratedMonoScriptInfo (0ms)
			ResolveRequiredComponents (7ms)
	FinalizeReload (1020ms)
		ReleaseScriptCaches (0ms)
		RebuildScriptCaches (0ms)
		SetupLoadedEditorAssemblies (384ms)
			LogAssemblyErrors (0ms)
			InitializePlatformSupportModulesInManaged (25ms)
			SetLoadedEditorAssemblies (4ms)
			RefreshPlugins (0ms)
			BeforeProcessingInitializeOnLoad (60ms)
			ProcessInitializeOnLoadAttributes (269ms)
			ProcessInitializeOnLoadMethodAttributes (22ms)
			AfterProcessingInitializeOnLoad (4ms)
			EditorAssembliesLoaded (0ms)
		ExecutionOrderSort2 (0ms)
		AwakeInstancesAfterBackupRestoration (17ms)
Refreshing native plugins compatible for Editor in 3.71 ms, found 3 plugins.
Preloading 0 native plugins for Editor in 0.00 ms.
Unloading 3235 Unused Serialized files (Serialized files now loaded: 0)
Unloading 24 unused Assets / (31.1 KB). Loaded Objects now: 3740.
Memory consumption went from 135.5 MB to 135.4 MB.
Total: 2.992800 ms (FindLiveObjects: 0.321900 ms CreateObjectMapping: 0.309200 ms MarkObjects: 2.305100 ms  DeleteObjects: 0.055900 ms)

Prepare: number of updated asset objects reloaded= 0
AssetImportParameters requested are different than current active one (requested -> active):
  custom:container-demuxer-ogg: 62fdf1f143b41e24485cea50d1cbac27 -> 
  custom:video-decoder-ogg-theora: a1e56fd34408186e4bbccfd4996cb3dc -> 
  custom:framework-win-MediaFoundation: 216162199b28c13a410421893ffa2e32 -> 
  custom:CustomObjectIndexerAttribute: 9a22284fe3817be447336de3de66b15e -> 
  custom:container-demuxer-webm: 4f35f7cbe854078d1ac9338744f61a02 -> 
  custom:container-muxer-webm: aa71ff27fc2769a1b78a27578f13a17b -> 
  custom:video-decoder-webm-vp8: 9c59270c3fd7afecdb556c50c9e8de78 -> 
  custom:SearchIndexIgnoredProperties: e643bd26f0fe6173181afceb89e7c659 -> 
  custom:AudioImporter_EditorPlatform: d09bf68614088b80899f8185d706f6e7 -> 
  custom:video-encoder-webm-vp8: eb34c28f22e8b96e1ab97ce403110664 -> 
  custom:audio-decoder-ogg-vorbis: bf7c407c2cedff20999df2af8eb42d56 -> 
  custom:audio-encoder-webm-vorbis: bf7c407c2cedff20999df2af8eb42d56 -> 
========================================================================
Received Import Request.
  Time since last request: 13.863140 seconds.
  path: Assets/Animator/Player/Rake/Rake.controller
  artifactKey: Guid(1a7df40311c1504469b4a7ad6b525ce5) Importer(815301076,1909f56bfc062723c751e8b465ee728b)
Start importing Assets/Animator/Player/Rake/Rake.controller using Guid(1a7df40311c1504469b4a7ad6b525ce5) Importer(815301076,1909f56bfc062723c751e8b465ee728b)  -> (artifact id: '1ae38e720fc37930363d1b1092141f1d') in 0.013131 seconds
Number of updated asset objects reloaded before import = 0
Number of asset objects unloaded after import = 1
========================================================================
Received Import Request.
  Time since last request: 0.146233 seconds.
  path: Assets/Animator/Player/Rake/Rake.controller
  artifactKey: Guid(1a7df40311c1504469b4a7ad6b525ce5) Importer(815301076,1909f56bfc062723c751e8b465ee728b)
Start importing Assets/Animator/Player/Rake/Rake.controller using Guid(1a7df40311c1504469b4a7ad6b525ce5) Importer(815301076,1909f56bfc062723c751e8b465ee728b)  -> (artifact id: '0bfe915ec7199096e5b05a2ad8340e16') in 0.001149 seconds
Number of updated asset objects reloaded before import = 0
Number of asset objects unloaded after import = 2
========================================================================
Received Import Request.
  Time since last request: 10.369913 seconds.
  path: Assets/Animator/Player/Rake/Rhino.controller
  artifactKey: Guid(a3d69bc36324e364a81c348fece4c453) Importer(815301076,1909f56bfc062723c751e8b465ee728b)
Start importing Assets/Animator/Player/Rake/Rhino.controller using Guid(a3d69bc36324e364a81c348fece4c453) Importer(815301076,1909f56bfc062723c751e8b465ee728b)  -> (artifact id: '5b1c731dc880e7677c6607668ed9b286') in 0.006263 seconds
Number of updated asset objects reloaded before import = 0
Number of asset objects unloaded after import = 17
========================================================================
Received Import Request.
  Time since last request: 5.170129 seconds.
  path: Assets/Animator/Player/Rake/Rake.controller
  artifactKey: Guid(a3d69bc36324e364a81c348fece4c453) Importer(815301076,1909f56bfc062723c751e8b465ee728b)
Start importing Assets/Animator/Player/Rake/Rake.controller using Guid(a3d69bc36324e364a81c348fece4c453) Importer(815301076,1909f56bfc062723c751e8b465ee728b)  -> (artifact id: '82fd1d075f745c79040f28e240247d6e') in 0.005067 seconds
Number of updated asset objects reloaded before import = 0
Number of asset objects unloaded after import = 17
========================================================================
Received Import Request.
  Time since last request: 10.797168 seconds.
  path: Assets/ForPlayerAsset/Rake/Rake/Animation/Rake@attack1.FBX
  artifactKey: Guid(37fbeb5c1dd1bf241a15f2212b2eb5a2) Importer(815301076,1909f56bfc062723c751e8b465ee728b)
Start importing Assets/ForPlayerAsset/Rake/Rake/Animation/Rake@attack1.FBX using Guid(37fbeb5c1dd1bf241a15f2212b2eb5a2) Importer(815301076,1909f56bfc062723c751e8b465ee728b)  -> (artifact id: '2d6736a092c4422cdbdcc2313e95b72e') in 0.023064 seconds
Number of updated asset objects reloaded before import = 0
Number of asset objects unloaded after import = 77
========================================================================
Received Import Request.
  Time since last request: 0.000018 seconds.
  path: Assets/ForPlayerAsset/Rake/Rake/Animation/Rake@battleidle.FBX
  artifactKey: Guid(bae27c4fd633c0f4eb0695aee8dad422) Importer(815301076,1909f56bfc062723c751e8b465ee728b)
Start importing Assets/ForPlayerAsset/Rake/Rake/Animation/Rake@battleidle.FBX using Guid(bae27c4fd633c0f4eb0695aee8dad422) Importer(815301076,1909f56bfc062723c751e8b465ee728b)  -> (artifact id: 'b1f7897f3e0153d79ee466ea63f3dca4') in 0.005053 seconds
Number of updated asset objects reloaded before import = 0
Number of asset objects unloaded after import = 77
========================================================================
Received Import Request.
  Time since last request: 0.000060 seconds.
  path: Assets/ForPlayerAsset/Rake/Rake/Animation/Rake@hit.FBX
  artifactKey: Guid(e008e0eca1236ad4f834ed0579ec854e) Importer(815301076,1909f56bfc062723c751e8b465ee728b)
Start importing Assets/ForPlayerAsset/Rake/Rake/Animation/Rake@hit.FBX using Guid(e008e0eca1236ad4f834ed0579ec854e) Importer(815301076,1909f56bfc062723c751e8b465ee728b)  -> (artifact id: '2ac8b809d3b2d832812186efed2879ab') in 0.005353 seconds
Number of updated asset objects reloaded before import = 0
Number of asset objects unloaded after import = 77
========================================================================
Received Import Request.
  Time since last request: 0.000015 seconds.
  path: Assets/ForPlayerAsset/Rake/Rake/Animation/Rake@sturn.FBX
  artifactKey: Guid(58fa0e3a3eecf0748b7698b4555fa851) Importer(815301076,1909f56bfc062723c751e8b465ee728b)
Start importing Assets/ForPlayerAsset/Rake/Rake/Animation/Rake@sturn.FBX using Guid(58fa0e3a3eecf0748b7698b4555fa851) Importer(815301076,1909f56bfc062723c751e8b465ee728b)  -> (artifact id: 'a0817f302e49854ab97a803d48d4644e') in 0.004606 seconds
Number of updated asset objects reloaded before import = 0
Number of asset objects unloaded after import = 77
========================================================================
Received Import Request.
  Time since last request: 0.000020 seconds.
  path: Assets/ForPlayerAsset/Rake/Rake/Animation/Rake@die.FBX
  artifactKey: Guid(d7d9e21bcb0b8de4293ff71ad2475759) Importer(815301076,1909f56bfc062723c751e8b465ee728b)
Start importing Assets/ForPlayerAsset/Rake/Rake/Animation/Rake@die.FBX using Guid(d7d9e21bcb0b8de4293ff71ad2475759) Importer(815301076,1909f56bfc062723c751e8b465ee728b)  -> (artifact id: 'ae94bcfbd52eb83a31db10379c61b3ad') in 0.006379 seconds
Number of updated asset objects reloaded before import = 0
Number of asset objects unloaded after import = 77
========================================================================
Received Import Request.
  Time since last request: 0.000017 seconds.
  path: Assets/ForPlayerAsset/Rake/Rake/Animation/Rake@run.FBX
  artifactKey: Guid(087648a0b9491c3449bf621ba5e3d117) Importer(815301076,1909f56bfc062723c751e8b465ee728b)
Start importing Assets/ForPlayerAsset/Rake/Rake/Animation/Rake@run.FBX using Guid(087648a0b9491c3449bf621ba5e3d117) Importer(815301076,1909f56bfc062723c751e8b465ee728b)  -> (artifact id: '4f5e0f57e7a3dba4647446631a37be7b') in 0.005785 seconds
Number of updated asset objects reloaded before import = 0
Number of asset objects unloaded after import = 77
========================================================================
Received Import Request.
  Time since last request: 13.212852 seconds.
  path: Assets/ForPlayerAsset/Rake/Rake/Animation/Rake@battleidle.FBX
  artifactKey: Guid(bae27c4fd633c0f4eb0695aee8dad422) Importer(815301076,1909f56bfc062723c751e8b465ee728b)
Start importing Assets/ForPlayerAsset/Rake/Rake/Animation/Rake@battleidle.FBX using Guid(bae27c4fd633c0f4eb0695aee8dad422) Importer(815301076,1909f56bfc062723c751e8b465ee728b)  -> (artifact id: 'dac9653165caa6da2e1824cfa5e8f955') in 0.004906 seconds
Number of updated asset objects reloaded before import = 0
Number of asset objects unloaded after import = 77
========================================================================
Received Import Request.
  Time since last request: 12.433352 seconds.
  path: Assets/ForPlayerAsset/Rake/Rake/Animation/Rake@run.FBX
  artifactKey: Guid(087648a0b9491c3449bf621ba5e3d117) Importer(815301076,1909f56bfc062723c751e8b465ee728b)
Start importing Assets/ForPlayerAsset/Rake/Rake/Animation/Rake@run.FBX using Guid(087648a0b9491c3449bf621ba5e3d117) Importer(815301076,1909f56bfc062723c751e8b465ee728b)  -> (artifact id: 'f0201595279c27cb9a04181b5a6df3f2') in 0.004327 seconds
Number of updated asset objects reloaded before import = 0
Number of asset objects unloaded after import = 77
========================================================================
Received Import Request.
  Time since last request: 23.442030 seconds.
  path: Assets/ForPlayerAsset/Rake/Rake/Animation/Rake@attack1.FBX
  artifactKey: Guid(37fbeb5c1dd1bf241a15f2212b2eb5a2) Importer(815301076,1909f56bfc062723c751e8b465ee728b)
Start importing Assets/ForPlayerAsset/Rake/Rake/Animation/Rake@attack1.FBX using Guid(37fbeb5c1dd1bf241a15f2212b2eb5a2) Importer(815301076,1909f56bfc062723c751e8b465ee728b)  -> (artifact id: 'bc84fead379ce7e53ac96dc4883ce0e1') in 0.005754 seconds
Number of updated asset objects reloaded before import = 0
Number of asset objects unloaded after import = 77
========================================================================
Received Import Request.
  Time since last request: 4.588807 seconds.
  path: Assets/ForPlayerAsset/Rake/Rake/Animation/Rake@attack2.FBX
  artifactKey: Guid(6e1e965c7c4cc6c4aa3d7d844aaf7fda) Importer(815301076,1909f56bfc062723c751e8b465ee728b)
Start importing Assets/ForPlayerAsset/Rake/Rake/Animation/Rake@attack2.FBX using Guid(6e1e965c7c4cc6c4aa3d7d844aaf7fda) Importer(815301076,1909f56bfc062723c751e8b465ee728b)  -> (artifact id: '19541056f17b325f8e6740333fd60373') in 0.004931 seconds
Number of updated asset objects reloaded before import = 0
Number of asset objects unloaded after import = 77
========================================================================
Received Import Request.
  Time since last request: 4.752811 seconds.
  path: Assets/Animator/Player/Rake/Rake.controller
  artifactKey: Guid(a3d69bc36324e364a81c348fece4c453) Importer(815301076,1909f56bfc062723c751e8b465ee728b)
Start importing Assets/Animator/Player/Rake/Rake.controller using Guid(a3d69bc36324e364a81c348fece4c453) Importer(815301076,1909f56bfc062723c751e8b465ee728b)  -> (artifact id: 'e2279fe0b4542bde8f9a4cb9c65e8d68') in 0.004446 seconds
Number of updated asset objects reloaded before import = 0
Number of asset objects unloaded after import = 17
========================================================================
Received Import Request.
  Time since last request: 1079.920984 seconds.
  path: Assets/Scripts/GameScene/Player/Rake.cs
  artifactKey: Guid(caccb311ec97db145b99b7b3ab546ef2) Importer(815301076,1909f56bfc062723c751e8b465ee728b)
Start importing Assets/Scripts/GameScene/Player/Rake.cs using Guid(caccb311ec97db145b99b7b3ab546ef2) Importer(815301076,1909f56bfc062723c751e8b465ee728b)  -> (artifact id: 'f77a603bf171b5b281013859741cccf1') in 0.000953 seconds
Number of updated asset objects reloaded before import = 0
Number of asset objects unloaded after import = 0
========================================================================
Received Prepare
Begin MonoManager ReloadAssembly
- Loaded All Assemblies, in  0.552 seconds
Refreshing native plugins compatible for Editor in 4.15 ms, found 3 plugins.
Native extension for WindowsStandalone target not found
Native extension for Android target not found
Mono: successfully reloaded assembly
- Finished resetting the current domain, in  1.058 seconds
Domain Reload Profiling: 1609ms
	BeginReloadAssembly (206ms)
		ExecutionOrderSort (0ms)
		DisableScriptedObjects (5ms)
		BackupInstance (0ms)
		ReleaseScriptingObjects (0ms)
		CreateAndSetChildDomain (38ms)
	RebuildCommonClasses (37ms)
	RebuildNativeTypeToScriptingClass (16ms)
	initialDomainReloadingComplete (32ms)
	LoadAllAssembliesAndSetupDomain (260ms)
		LoadAssemblies (367ms)
		RebuildTransferFunctionScriptingTraits (0ms)
		AnalyzeDomain (27ms)
			TypeCache.Refresh (12ms)
				TypeCache.ScanAssembly (2ms)
			ScanForSourceGeneratedMonoScriptInfo (7ms)
			ResolveRequiredComponents (7ms)
	FinalizeReload (1058ms)
		ReleaseScriptCaches (0ms)
		RebuildScriptCaches (0ms)
		SetupLoadedEditorAssemblies (396ms)
			LogAssemblyErrors (0ms)
			InitializePlatformSupportModulesInManaged (27ms)
			SetLoadedEditorAssemblies (4ms)
			RefreshPlugins (0ms)
			BeforeProcessingInitializeOnLoad (58ms)
			ProcessInitializeOnLoadAttributes (281ms)
			ProcessInitializeOnLoadMethodAttributes (22ms)
			AfterProcessingInitializeOnLoad (4ms)
			EditorAssembliesLoaded (0ms)
		ExecutionOrderSort2 (0ms)
		AwakeInstancesAfterBackupRestoration (18ms)
Refreshing native plugins compatible for Editor in 4.98 ms, found 3 plugins.
Preloading 0 native plugins for Editor in 0.00 ms.
Unloading 3236 Unused Serialized files (Serialized files now loaded: 0)
Unloading 24 unused Assets / (31.1 KB). Loaded Objects now: 3744.
Memory consumption went from 137.5 MB to 137.4 MB.
Total: 3.047000 ms (FindLiveObjects: 0.316800 ms CreateObjectMapping: 0.267100 ms MarkObjects: 2.406200 ms  DeleteObjects: 0.055900 ms)

Prepare: number of updated asset objects reloaded= 0
AssetImportParameters requested are different than current active one (requested -> active):
  custom:container-demuxer-ogg: 62fdf1f143b41e24485cea50d1cbac27 -> 
  custom:video-decoder-ogg-theora: a1e56fd34408186e4bbccfd4996cb3dc -> 
  custom:framework-win-MediaFoundation: 216162199b28c13a410421893ffa2e32 -> 
  custom:CustomObjectIndexerAttribute: 9a22284fe3817be447336de3de66b15e -> 
  custom:container-demuxer-webm: 4f35f7cbe854078d1ac9338744f61a02 -> 
  custom:container-muxer-webm: aa71ff27fc2769a1b78a27578f13a17b -> 
  custom:video-decoder-webm-vp8: 9c59270c3fd7afecdb556c50c9e8de78 -> 
  custom:SearchIndexIgnoredProperties: e643bd26f0fe6173181afceb89e7c659 -> 
  custom:AudioImporter_EditorPlatform: d09bf68614088b80899f8185d706f6e7 -> 
  custom:video-encoder-webm-vp8: eb34c28f22e8b96e1ab97ce403110664 -> 
  custom:audio-decoder-ogg-vorbis: bf7c407c2cedff20999df2af8eb42d56 -> 
  custom:audio-encoder-webm-vorbis: bf7c407c2cedff20999df2af8eb42d56 -> 
========================================================================
Received Import Request.
  Time since last request: 7.022830 seconds.
  path: Assets/Scripts/GameScene/Player/Rake.cs
  artifactKey: Guid(caccb311ec97db145b99b7b3ab546ef2) Importer(815301076,1909f56bfc062723c751e8b465ee728b)
Start importing Assets/Scripts/GameScene/Player/Rake.cs using Guid(caccb311ec97db145b99b7b3ab546ef2) Importer(815301076,1909f56bfc062723c751e8b465ee728b)  -> (artifact id: '91819ac44474c31acd5c00556b3e9c6d') in 0.003603 seconds
Number of updated asset objects reloaded before import = 0
Number of asset objects unloaded after import = 0
========================================================================
Received Import Request.
  Time since last request: 9.756484 seconds.
  path: Assets/Prefabs/Player/Rake/Rake.prefab
  artifactKey: Guid(009418bc6e9f1154f9f29dedaeb2537b) Importer(815301076,1909f56bfc062723c751e8b465ee728b)
Start importing Assets/Prefabs/Player/Rake/Rake.prefab using Guid(009418bc6e9f1154f9f29dedaeb2537b) Importer(815301076,1909f56bfc062723c751e8b465ee728b)  -> (artifact id: 'e7f1a2ca8409d22794c157e376fbc885') in 0.596523 seconds
Number of updated asset objects reloaded before import = 0
Number of asset objects unloaded after import = 226
========================================================================
Received Import Request.
  Time since last request: 6.489624 seconds.
  path: Assets/ForPlayerAsset/Free Burrow Cute Series/FBX
  artifactKey: Guid(fdf96bfc78c9b9a4281e9770e51eec67) Importer(815301076,1909f56bfc062723c751e8b465ee728b)
Start importing Assets/ForPlayerAsset/Free Burrow Cute Series/FBX using Guid(fdf96bfc78c9b9a4281e9770e51eec67) Importer(815301076,1909f56bfc062723c751e8b465ee728b)  -> (artifact id: 'b6363bf941234e060421ca5b9ab7eb1f') in 0.089104 seconds
Number of updated asset objects reloaded before import = 0
Number of asset objects unloaded after import = 0
========================================================================
Received Prepare
Begin MonoManager ReloadAssembly
- Loaded All Assemblies, in  0.636 seconds
Refreshing native plugins compatible for Editor in 3.86 ms, found 3 plugins.
Native extension for WindowsStandalone target not found
Native extension for Android target not found
Mono: successfully reloaded assembly
- Finished resetting the current domain, in  1.134 seconds
Domain Reload Profiling: 1769ms
	BeginReloadAssembly (246ms)
		ExecutionOrderSort (0ms)
		DisableScriptedObjects (6ms)
		BackupInstance (0ms)
		ReleaseScriptingObjects (0ms)
		CreateAndSetChildDomain (49ms)
	RebuildCommonClasses (51ms)
	RebuildNativeTypeToScriptingClass (15ms)
	initialDomainReloadingComplete (40ms)
	LoadAllAssembliesAndSetupDomain (283ms)
		LoadAssemblies (412ms)
		RebuildTransferFunctionScriptingTraits (0ms)
		AnalyzeDomain (29ms)
			TypeCache.Refresh (11ms)
				TypeCache.ScanAssembly (1ms)
			ScanForSourceGeneratedMonoScriptInfo (10ms)
			ResolveRequiredComponents (7ms)
	FinalizeReload (1135ms)
		ReleaseScriptCaches (0ms)
		RebuildScriptCaches (0ms)
		SetupLoadedEditorAssemblies (426ms)
			LogAssemblyErrors (0ms)
			InitializePlatformSupportModulesInManaged (30ms)
			SetLoadedEditorAssemblies (4ms)
			RefreshPlugins (0ms)
			BeforeProcessingInitializeOnLoad (70ms)
			ProcessInitializeOnLoadAttributes (289ms)
			ProcessInitializeOnLoadMethodAttributes (30ms)
			AfterProcessingInitializeOnLoad (4ms)
			EditorAssembliesLoaded (0ms)
		ExecutionOrderSort2 (0ms)
		AwakeInstancesAfterBackupRestoration (19ms)
Refreshing native plugins compatible for Editor in 3.55 ms, found 3 plugins.
Preloading 0 native plugins for Editor in 0.00 ms.
Unloading 3236 Unused Serialized files (Serialized files now loaded: 0)
Unloading 24 unused Assets / (31.1 KB). Loaded Objects now: 3747.
Memory consumption went from 139.4 MB to 139.4 MB.
Total: 3.084600 ms (FindLiveObjects: 0.284000 ms CreateObjectMapping: 0.229600 ms MarkObjects: 2.510600 ms  DeleteObjects: 0.059600 ms)

Prepare: number of updated asset objects reloaded= 0
AssetImportParameters requested are different than current active one (requested -> active):
  custom:container-demuxer-ogg: 62fdf1f143b41e24485cea50d1cbac27 -> 
  custom:video-decoder-ogg-theora: a1e56fd34408186e4bbccfd4996cb3dc -> 
  custom:framework-win-MediaFoundation: 216162199b28c13a410421893ffa2e32 -> 
  custom:CustomObjectIndexerAttribute: 9a22284fe3817be447336de3de66b15e -> 
  custom:container-demuxer-webm: 4f35f7cbe854078d1ac9338744f61a02 -> 
  custom:container-muxer-webm: aa71ff27fc2769a1b78a27578f13a17b -> 
  custom:video-decoder-webm-vp8: 9c59270c3fd7afecdb556c50c9e8de78 -> 
  custom:SearchIndexIgnoredProperties: e643bd26f0fe6173181afceb89e7c659 -> 
  custom:AudioImporter_EditorPlatform: d09bf68614088b80899f8185d706f6e7 -> 
  custom:video-encoder-webm-vp8: eb34c28f22e8b96e1ab97ce403110664 -> 
  custom:audio-decoder-ogg-vorbis: bf7c407c2cedff20999df2af8eb42d56 -> 
  custom:audio-encoder-webm-vorbis: bf7c407c2cedff20999df2af8eb42d56 -> 
========================================================================
Received Prepare
Begin MonoManager ReloadAssembly
- Loaded All Assemblies, in  0.535 seconds
Refreshing native plugins compatible for Editor in 4.14 ms, found 3 plugins.
Native extension for WindowsStandalone target not found
Native extension for Android target not found
Mono: successfully reloaded assembly
- Finished resetting the current domain, in  1.155 seconds
Domain Reload Profiling: 1690ms
	BeginReloadAssembly (212ms)
		ExecutionOrderSort (0ms)
		DisableScriptedObjects (11ms)
		BackupInstance (0ms)
		ReleaseScriptingObjects (0ms)
		CreateAndSetChildDomain (36ms)
	RebuildCommonClasses (38ms)
	RebuildNativeTypeToScriptingClass (14ms)
	initialDomainReloadingComplete (26ms)
	LoadAllAssembliesAndSetupDomain (244ms)
		LoadAssemblies (355ms)
		RebuildTransferFunctionScriptingTraits (0ms)
		AnalyzeDomain (19ms)
			TypeCache.Refresh (7ms)
				TypeCache.ScanAssembly (0ms)
			ScanForSourceGeneratedMonoScriptInfo (0ms)
			ResolveRequiredComponents (10ms)
	FinalizeReload (1156ms)
		ReleaseScriptCaches (0ms)
		RebuildScriptCaches (0ms)
		SetupLoadedEditorAssemblies (456ms)
			LogAssemblyErrors (0ms)
			InitializePlatformSupportModulesInManaged (26ms)
			SetLoadedEditorAssemblies (3ms)
			RefreshPlugins (0ms)
			BeforeProcessingInitializeOnLoad (69ms)
			ProcessInitializeOnLoadAttributes (327ms)
			ProcessInitializeOnLoadMethodAttributes (25ms)
			AfterProcessingInitializeOnLoad (5ms)
			EditorAssembliesLoaded (0ms)
		ExecutionOrderSort2 (0ms)
		AwakeInstancesAfterBackupRestoration (18ms)
Refreshing native plugins compatible for Editor in 3.82 ms, found 3 plugins.
Preloading 0 native plugins for Editor in 0.00 ms.
Unloading 3237 Unused Serialized files (Serialized files now loaded: 0)
Unloading 24 unused Assets / (31.1 KB). Loaded Objects now: 3750.
Memory consumption went from 141.6 MB to 141.6 MB.
Total: 3.162900 ms (FindLiveObjects: 0.544200 ms CreateObjectMapping: 0.392000 ms MarkObjects: 2.180100 ms  DeleteObjects: 0.046000 ms)

Prepare: number of updated asset objects reloaded= 0
AssetImportParameters requested are different than current active one (requested -> active):
  custom:container-demuxer-ogg: 62fdf1f143b41e24485cea50d1cbac27 -> 
  custom:video-decoder-ogg-theora: a1e56fd34408186e4bbccfd4996cb3dc -> 
  custom:framework-win-MediaFoundation: 216162199b28c13a410421893ffa2e32 -> 
  custom:CustomObjectIndexerAttribute: 9a22284fe3817be447336de3de66b15e -> 
  custom:container-demuxer-webm: 4f35f7cbe854078d1ac9338744f61a02 -> 
  custom:container-muxer-webm: aa71ff27fc2769a1b78a27578f13a17b -> 
  custom:video-decoder-webm-vp8: 9c59270c3fd7afecdb556c50c9e8de78 -> 
  custom:SearchIndexIgnoredProperties: e643bd26f0fe6173181afceb89e7c659 -> 
  custom:AudioImporter_EditorPlatform: d09bf68614088b80899f8185d706f6e7 -> 
  custom:video-encoder-webm-vp8: eb34c28f22e8b96e1ab97ce403110664 -> 
  custom:audio-decoder-ogg-vorbis: bf7c407c2cedff20999df2af8eb42d56 -> 
  custom:audio-encoder-webm-vorbis: bf7c407c2cedff20999df2af8eb42d56 -> 
========================================================================
Received Import Request.
  Time since last request: 59.585967 seconds.
  path: Assets/Prefabs/Enemy/Zombie.prefab
  artifactKey: Guid(2e3adc75e6c6765488debbaf8aa34ed4) Importer(815301076,1909f56bfc062723c751e8b465ee728b)
Start importing Assets/Prefabs/Enemy/Zombie.prefab using Guid(2e3adc75e6c6765488debbaf8aa34ed4) Importer(815301076,1909f56bfc062723c751e8b465ee728b)  -> (artifact id: '0ec57d05bc3fa740aa4bd31ee3512ab7') in 0.228652 seconds
Number of updated asset objects reloaded before import = 0
Number of asset objects unloaded after import = 152
========================================================================
Received Import Request.
  Time since last request: 2.552077 seconds.
  path: Assets/Prefabs/Enemy/PartyMonster1.prefab
  artifactKey: Guid(b2ea754cf73f7db469ce8c1e486f5194) Importer(815301076,1909f56bfc062723c751e8b465ee728b)
Start importing Assets/Prefabs/Enemy/PartyMonster1.prefab using Guid(b2ea754cf73f7db469ce8c1e486f5194) Importer(815301076,1909f56bfc062723c751e8b465ee728b)  -> (artifact id: '9e8a55e43f958dd610be2510051266cf') in 0.090419 seconds
Number of updated asset objects reloaded before import = 0
Number of asset objects unloaded after import = 209
========================================================================
Received Import Request.
  Time since last request: 160.547470 seconds.
  path: Assets/Image/Rake.PNG
  artifactKey: Guid(f078dd421f8b89241940496e58d63633) Importer(815301076,1909f56bfc062723c751e8b465ee728b)
Start importing Assets/Image/Rake.PNG using Guid(f078dd421f8b89241940496e58d63633) Importer(815301076,1909f56bfc062723c751e8b465ee728b)  -> (artifact id: 'cbc31379d52d147cc00e3deed5366918') in 0.030643 seconds
Number of updated asset objects reloaded before import = 0
Number of asset objects unloaded after import = 2
========================================================================
Received Import Request.
  Time since last request: 3.805950 seconds.
  path: Assets/Image/Rake.PNG
  artifactKey: Guid(f078dd421f8b89241940496e58d63633) Importer(815301076,1909f56bfc062723c751e8b465ee728b)
Start importing Assets/Image/Rake.PNG using Guid(f078dd421f8b89241940496e58d63633) Importer(815301076,1909f56bfc062723c751e8b465ee728b)  -> (artifact id: '2279b74068e7e3ca5e1c88514c0151bd') in 0.033271 seconds
Number of updated asset objects reloaded before import = 0
Number of asset objects unloaded after import = 3
========================================================================
Received Import Request.
  Time since last request: 515.542917 seconds.
  path: Assets/ForPlayerAsset/Whale/Main Files_aka_Prefabs
  artifactKey: Guid(d85bb6d9d8a3fbd48aa66ab071a43af8) Importer(815301076,1909f56bfc062723c751e8b465ee728b)
Start importing Assets/ForPlayerAsset/Whale/Main Files_aka_Prefabs using Guid(d85bb6d9d8a3fbd48aa66ab071a43af8) Importer(815301076,1909f56bfc062723c751e8b465ee728b)  -> (artifact id: 'c8612974179e2e337cbfb2873b98687d') in 0.000935 seconds
Number of updated asset objects reloaded before import = 0
Number of asset objects unloaded after import = 0
========================================================================
Received Import Request.
  Time since last request: 0.045711 seconds.
  path: Assets/ForPlayerAsset/Whale/Main Files_aka_Prefabs/Whale.prefab
  artifactKey: Guid(f85e3056e6d31594d8f370d05da256ff) Importer(815301076,1909f56bfc062723c751e8b465ee728b)
Start importing Assets/ForPlayerAsset/Whale/Main Files_aka_Prefabs/Whale.prefab using Guid(f85e3056e6d31594d8f370d05da256ff) Importer(815301076,1909f56bfc062723c751e8b465ee728b)  -> (artifact id: '5e748688ec2bd30e8c1a5755e951225f') in 0.043881 seconds
Number of updated asset objects reloaded before import = 0
Number of asset objects unloaded after import = 113
========================================================================
Received Import Request.
  Time since last request: 1.862501 seconds.
  path: Assets/ForPlayerAsset/Whale/Materials/Teeth.mat
  artifactKey: Guid(244dfa0de13b7624c9a0dcba9816fedc) Importer(815301076,1909f56bfc062723c751e8b465ee728b)
Start importing Assets/ForPlayerAsset/Whale/Materials/Teeth.mat using Guid(244dfa0de13b7624c9a0dcba9816fedc) Importer(815301076,1909f56bfc062723c751e8b465ee728b)  -> (artifact id: '1e2da5e99eb1111921d4d591e37973b9') in 0.063948 seconds
Number of updated asset objects reloaded before import = 0
Number of asset objects unloaded after import = 1
========================================================================
Received Import Request.
  Time since last request: 0.000029 seconds.
  path: Assets/ForPlayerAsset/Whale/Materials/Whale3DCLo_default_AlbedoTransparency.png
  artifactKey: Guid(ffbcc8e95bd3ef844abd99f5cddf3f8b) Importer(815301076,1909f56bfc062723c751e8b465ee728b)
Start importing Assets/ForPlayerAsset/Whale/Materials/Whale3DCLo_default_AlbedoTransparency.png using Guid(ffbcc8e95bd3ef844abd99f5cddf3f8b) Importer(815301076,1909f56bfc062723c751e8b465ee728b)  -> (artifact id: 'b0d786e9d0e5b9eb65d30e225cb25b81') in 0.022349 seconds
Number of updated asset objects reloaded before import = 0
Number of asset objects unloaded after import = 2
========================================================================
Received Import Request.
  Time since last request: 0.000021 seconds.
  path: Assets/ForPlayerAsset/Whale/Materials/Whale3DCLo_default_Normal.png
  artifactKey: Guid(ae5b8b1c94d1d1549aa58c87a9473c9c) Importer(815301076,1909f56bfc062723c751e8b465ee728b)
Start importing Assets/ForPlayerAsset/Whale/Materials/Whale3DCLo_default_Normal.png using Guid(ae5b8b1c94d1d1549aa58c87a9473c9c) Importer(815301076,1909f56bfc062723c751e8b465ee728b)  -> (artifact id: '3c1fee27303efe2c68c27897e08befd9') in 0.033705 seconds
Number of updated asset objects reloaded before import = 0
Number of asset objects unloaded after import = 2
========================================================================
Received Import Request.
  Time since last request: 0.000026 seconds.
  path: Assets/ForPlayerAsset/Whale/Materials/Whale3DCLo_default_MetallicSmoothness.png
  artifactKey: Guid(598bddcabac2c84499093cc6cab4d352) Importer(815301076,1909f56bfc062723c751e8b465ee728b)
Start importing Assets/ForPlayerAsset/Whale/Materials/Whale3DCLo_default_MetallicSmoothness.png using Guid(598bddcabac2c84499093cc6cab4d352) Importer(815301076,1909f56bfc062723c751e8b465ee728b)  -> (artifact id: '2145c6ea5482f7bf445f96890dfb9c2c') in 0.025836 seconds
Number of updated asset objects reloaded before import = 0
Number of asset objects unloaded after import = 2
========================================================================
Received Import Request.
  Time since last request: 0.221978 seconds.
  path: Assets/ForPlayerAsset/Whale/Objects/Whale.fbx.fbx
  artifactKey: Guid(6f012b33467426c43a1c019d350c0a03) Importer(815301076,1909f56bfc062723c751e8b465ee728b)
Start importing Assets/ForPlayerAsset/Whale/Objects/Whale.fbx.fbx using Guid(6f012b33467426c43a1c019d350c0a03) Importer(815301076,1909f56bfc062723c751e8b465ee728b)  -> (artifact id: '2f05befe84d320f8859d3213295820b1') in 0.306410 seconds
Number of updated asset objects reloaded before import = 0
Number of asset objects unloaded after import = 120
========================================================================
Received Import Request.
  Time since last request: 1610.152752 seconds.
  path: Assets/Scripts/GameScene/Player/Whale.cs
  artifactKey: Guid(8564faee6fcef254daea8df89052045c) Importer(815301076,1909f56bfc062723c751e8b465ee728b)
Start importing Assets/Scripts/GameScene/Player/Whale.cs using Guid(8564faee6fcef254daea8df89052045c) Importer(815301076,1909f56bfc062723c751e8b465ee728b)  -> (artifact id: '71206dafa39465b654ea3ac5509880df') in 0.000938 seconds
Number of updated asset objects reloaded before import = 0
Number of asset objects unloaded after import = 0
========================================================================
Received Prepare
Begin MonoManager ReloadAssembly
- Loaded All Assemblies, in  2.633 seconds
Refreshing native plugins compatible for Editor in 4.56 ms, found 3 plugins.
Native extension for WindowsStandalone target not found
Native extension for Android target not found
Mono: successfully reloaded assembly
- Finished resetting the current domain, in 12.223 seconds
Domain Reload Profiling: 14855ms
	BeginReloadAssembly (242ms)
		ExecutionOrderSort (0ms)
		DisableScriptedObjects (5ms)
		BackupInstance (0ms)
		ReleaseScriptingObjects (0ms)
		CreateAndSetChildDomain (44ms)
	RebuildCommonClasses (49ms)
	RebuildNativeTypeToScriptingClass (19ms)
	initialDomainReloadingComplete (36ms)
	LoadAllAssembliesAndSetupDomain (2286ms)
		LoadAssemblies (2424ms)
		RebuildTransferFunctionScriptingTraits (0ms)
		AnalyzeDomain (26ms)
			TypeCache.Refresh (10ms)
				TypeCache.ScanAssembly (1ms)
			ScanForSourceGeneratedMonoScriptInfo (7ms)
			ResolveRequiredComponents (7ms)
	FinalizeReload (12223ms)
		ReleaseScriptCaches (0ms)
		RebuildScriptCaches (0ms)
		SetupLoadedEditorAssemblies (391ms)
			LogAssemblyErrors (0ms)
			InitializePlatformSupportModulesInManaged (29ms)
			SetLoadedEditorAssemblies (3ms)
			RefreshPlugins (0ms)
			BeforeProcessingInitializeOnLoad (56ms)
			ProcessInitializeOnLoadAttributes (275ms)
			ProcessInitializeOnLoadMethodAttributes (23ms)
			AfterProcessingInitializeOnLoad (5ms)
			EditorAssembliesLoaded (0ms)
		ExecutionOrderSort2 (0ms)
		AwakeInstancesAfterBackupRestoration (18ms)
Refreshing native plugins compatible for Editor in 4.63 ms, found 3 plugins.
Preloading 0 native plugins for Editor in 0.00 ms.
Unloading 3237 Unused Serialized files (Serialized files now loaded: 0)
Unloading 24 unused Assets / (31.1 KB). Loaded Objects now: 3798.
Memory consumption went from 144.1 MB to 144.1 MB.
Total: 3.995000 ms (FindLiveObjects: 0.376200 ms CreateObjectMapping: 0.237700 ms MarkObjects: 3.288000 ms  DeleteObjects: 0.092100 ms)

Prepare: number of updated asset objects reloaded= 0
AssetImportParameters requested are different than current active one (requested -> active):
  custom:container-demuxer-ogg: 62fdf1f143b41e24485cea50d1cbac27 -> 
  custom:video-decoder-ogg-theora: a1e56fd34408186e4bbccfd4996cb3dc -> 
  custom:framework-win-MediaFoundation: 216162199b28c13a410421893ffa2e32 -> 
  custom:CustomObjectIndexerAttribute: 9a22284fe3817be447336de3de66b15e -> 
  custom:container-demuxer-webm: 4f35f7cbe854078d1ac9338744f61a02 -> 
  custom:container-muxer-webm: aa71ff27fc2769a1b78a27578f13a17b -> 
  custom:video-decoder-webm-vp8: 9c59270c3fd7afecdb556c50c9e8de78 -> 
  custom:SearchIndexIgnoredProperties: e643bd26f0fe6173181afceb89e7c659 -> 
  custom:AudioImporter_EditorPlatform: d09bf68614088b80899f8185d706f6e7 -> 
  custom:video-encoder-webm-vp8: eb34c28f22e8b96e1ab97ce403110664 -> 
  custom:audio-decoder-ogg-vorbis: bf7c407c2cedff20999df2af8eb42d56 -> 
  custom:audio-encoder-webm-vorbis: bf7c407c2cedff20999df2af8eb42d56 -> 
========================================================================
Received Import Request.
  Time since last request: 134.181030 seconds.
  path: Assets/Animator/Player/Whale
  artifactKey: Guid(24ce7454d5b0dcd42a8354f7cec6a110) Importer(815301076,1909f56bfc062723c751e8b465ee728b)
Start importing Assets/Animator/Player/Whale using Guid(24ce7454d5b0dcd42a8354f7cec6a110) Importer(815301076,1909f56bfc062723c751e8b465ee728b)  -> (artifact id: '8a05cb49579193c26b472cb14317e650') in 0.004143 seconds
Number of updated asset objects reloaded before import = 0
Number of asset objects unloaded after import = 0
========================================================================
Received Import Request.
  Time since last request: 8.606376 seconds.
  path: Assets/Animator/Player/Whale/Rake.controller
  artifactKey: Guid(eb50467e42f5a214995a35f5cbc51c7f) Importer(815301076,1909f56bfc062723c751e8b465ee728b)
Start importing Assets/Animator/Player/Whale/Rake.controller using Guid(eb50467e42f5a214995a35f5cbc51c7f) Importer(815301076,1909f56bfc062723c751e8b465ee728b)  -> (artifact id: '72907f0b8b5b6d5fc5d147135ce5db44') in 0.040726 seconds
Number of updated asset objects reloaded before import = 0
Number of asset objects unloaded after import = 17
========================================================================
Received Import Request.
  Time since last request: 2.963747 seconds.
  path: Assets/Animator/Player/Whale/Whale.controller
  artifactKey: Guid(eb50467e42f5a214995a35f5cbc51c7f) Importer(815301076,1909f56bfc062723c751e8b465ee728b)
Start importing Assets/Animator/Player/Whale/Whale.controller using Guid(eb50467e42f5a214995a35f5cbc51c7f) Importer(815301076,1909f56bfc062723c751e8b465ee728b)  -> (artifact id: 'bad1c025ceb5a9856e2e3ef5e4e6d15a') in 0.005050 seconds
Number of updated asset objects reloaded before import = 0
Number of asset objects unloaded after import = 17
========================================================================
Received Import Request.
  Time since last request: 1264.487474 seconds.
  path: Assets/Prefabs/Player/Whale
  artifactKey: Guid(34d2ff4e5e76bf6478ed2c8c300509dd) Importer(815301076,1909f56bfc062723c751e8b465ee728b)
Start importing Assets/Prefabs/Player/Whale using Guid(34d2ff4e5e76bf6478ed2c8c300509dd) Importer(815301076,1909f56bfc062723c751e8b465ee728b)  -> (artifact id: '993ffbc972c79ebd0ddd81de258136a2') in 0.000754 seconds
Number of updated asset objects reloaded before import = 0
Number of asset objects unloaded after import = 0
========================================================================
Received Import Request.
  Time since last request: 3.934991 seconds.
  path: Assets/Prefabs/Player/Whale/Whale.prefab
  artifactKey: Guid(993d0bb543ed60141aebc95bfebc227f) Importer(815301076,1909f56bfc062723c751e8b465ee728b)
Start importing Assets/Prefabs/Player/Whale/Whale.prefab using Guid(993d0bb543ed60141aebc95bfebc227f) Importer(815301076,1909f56bfc062723c751e8b465ee728b)  -> (artifact id: 'f579adb65139d02ae8046a4888714088') in 0.125449 seconds
Number of updated asset objects reloaded before import = 0
Number of asset objects unloaded after import = 138
========================================================================
Received Import Request.
  Time since last request: 18.458390 seconds.
  path: Assets/ForPlayerAsset/Whale/Objects/Whale.fbx.fbx
  artifactKey: Guid(6f012b33467426c43a1c019d350c0a03) Importer(815301076,1909f56bfc062723c751e8b465ee728b)
Start importing Assets/ForPlayerAsset/Whale/Objects/Whale.fbx.fbx using Guid(6f012b33467426c43a1c019d350c0a03) Importer(815301076,1909f56bfc062723c751e8b465ee728b)  -> (artifact id: 'd78829adadc25e884cb2d1c3c91626c5') in 0.071301 seconds
Number of updated asset objects reloaded before import = 0
Number of asset objects unloaded after import = 120
========================================================================
Received Import Request.
  Time since last request: 0.912401 seconds.
  path: Assets/ForPlayerAsset/Whale/Objects/Materials
  artifactKey: Guid(90fde7535ab4ca0478f4cb47df818efc) Importer(815301076,1909f56bfc062723c751e8b465ee728b)
Start importing Assets/ForPlayerAsset/Whale/Objects/Materials using Guid(90fde7535ab4ca0478f4cb47df818efc) Importer(815301076,1909f56bfc062723c751e8b465ee728b)  -> (artifact id: 'd6c80ab6455ab9a635485c7771df8b11') in 0.000614 seconds
Number of updated asset objects reloaded before import = 0
Number of asset objects unloaded after import = 0
========================================================================
Received Import Request.
  Time since last request: 0.478862 seconds.
  path: Assets/ForPlayerAsset/Whale/Objects/Whale.fbx.fbm
  artifactKey: Guid(3db563e05b01c2c4082c1251aa8bf140) Importer(815301076,1909f56bfc062723c751e8b465ee728b)
Start importing Assets/ForPlayerAsset/Whale/Objects/Whale.fbx.fbm using Guid(3db563e05b01c2c4082c1251aa8bf140) Importer(815301076,1909f56bfc062723c751e8b465ee728b)  -> (artifact id: 'c822c2bc2da6a2f3cdfa1f55bddb381d') in 0.000511 seconds
Number of updated asset objects reloaded before import = 0
Number of asset objects unloaded after import = 0
========================================================================
Received Import Request.
  Time since last request: 0.076798 seconds.
  path: Assets/ForPlayerAsset/Whale/Objects/Whale.fbx.fbm/diffuse_cube.dds
  artifactKey: Guid(401103c937bb1da4baaa11c235f701b7) Importer(815301076,1909f56bfc062723c751e8b465ee728b)
Start importing Assets/ForPlayerAsset/Whale/Objects/Whale.fbx.fbm/diffuse_cube.dds using Guid(401103c937bb1da4baaa11c235f701b7) Importer(815301076,1909f56bfc062723c751e8b465ee728b)  -> (artifact id: '401d0b2c13950c5dcdc3004e96198b09') in 0.038033 seconds
Number of updated asset objects reloaded before import = 0
Number of asset objects unloaded after import = 1
========================================================================
Received Import Request.
  Time since last request: 0.000028 seconds.
  path: Assets/ForPlayerAsset/Whale/Objects/Whale.fbx.fbm/Whale3DCLo_default_MetallicSmoothness.png
  artifactKey: Guid(629848303daca494a85f512376586642) Importer(815301076,1909f56bfc062723c751e8b465ee728b)
Start importing Assets/ForPlayerAsset/Whale/Objects/Whale.fbx.fbm/Whale3DCLo_default_MetallicSmoothness.png using Guid(629848303daca494a85f512376586642) Importer(815301076,1909f56bfc062723c751e8b465ee728b)  -> (artifact id: 'd033ac9cd3ff6dfc217891d12aaf77d9') in 0.015314 seconds
Number of updated asset objects reloaded before import = 0
Number of asset objects unloaded after import = 2
========================================================================
Received Import Request.
  Time since last request: 0.000029 seconds.
  path: Assets/ForPlayerAsset/Whale/Objects/Whale.fbx.fbm/Whale3DCLo_default_Normal.png
  artifactKey: Guid(e092193bc55011949be870e9036f6e9b) Importer(815301076,1909f56bfc062723c751e8b465ee728b)
Start importing Assets/ForPlayerAsset/Whale/Objects/Whale.fbx.fbm/Whale3DCLo_default_Normal.png using Guid(e092193bc55011949be870e9036f6e9b) Importer(815301076,1909f56bfc062723c751e8b465ee728b)  -> (artifact id: 'd86c12e2e3e669fb7a9372e88005305b') in 0.021319 seconds
Number of updated asset objects reloaded before import = 0
Number of asset objects unloaded after import = 2
========================================================================
Received Import Request.
  Time since last request: 0.000016 seconds.
  path: Assets/ForPlayerAsset/Whale/Objects/Whale.fbx.fbm/Whale3DCLo_default_AlbedoTransparency.png
  artifactKey: Guid(2f44e7dd3c9169947a4db055549dc284) Importer(815301076,1909f56bfc062723c751e8b465ee728b)
Start importing Assets/ForPlayerAsset/Whale/Objects/Whale.fbx.fbm/Whale3DCLo_default_AlbedoTransparency.png using Guid(2f44e7dd3c9169947a4db055549dc284) Importer(815301076,1909f56bfc062723c751e8b465ee728b)  -> (artifact id: '2fe23d4a4addac24d94820c168dba7e5') in 0.021414 seconds
Number of updated asset objects reloaded before import = 0
Number of asset objects unloaded after import = 2
========================================================================
Received Import Request.
  Time since last request: 11.871686 seconds.
  path: Assets/ForPlayerAsset/Whale/Objects/Whale.fbx.fbx
  artifactKey: Guid(6f012b33467426c43a1c019d350c0a03) Importer(815301076,1909f56bfc062723c751e8b465ee728b)
Start importing Assets/ForPlayerAsset/Whale/Objects/Whale.fbx.fbx using Guid(6f012b33467426c43a1c019d350c0a03) Importer(815301076,1909f56bfc062723c751e8b465ee728b)  -> (artifact id: '22f0092dbf62f2d9e91a07f5f07c8912') in 0.051398 seconds
Number of updated asset objects reloaded before import = 0
Number of asset objects unloaded after import = 120
========================================================================
Received Import Request.
  Time since last request: 11.466258 seconds.
  path: Assets/ForPlayerAsset/Whale/Objects/Whale.fbx.fbx
  artifactKey: Guid(6f012b33467426c43a1c019d350c0a03) Importer(815301076,1909f56bfc062723c751e8b465ee728b)
Start importing Assets/ForPlayerAsset/Whale/Objects/Whale.fbx.fbx using Guid(6f012b33467426c43a1c019d350c0a03) Importer(815301076,1909f56bfc062723c751e8b465ee728b)  -> (artifact id: 'df1425127627ea41f30bf513ad50a2bd') in 0.053552 seconds
Number of updated asset objects reloaded before import = 0
Number of asset objects unloaded after import = 120
========================================================================
Received Import Request.
  Time since last request: 13.759403 seconds.
  path: Assets/ForPlayerAsset/Whale/Objects/Whale.fbx.fbx
  artifactKey: Guid(6f012b33467426c43a1c019d350c0a03) Importer(815301076,1909f56bfc062723c751e8b465ee728b)
Start importing Assets/ForPlayerAsset/Whale/Objects/Whale.fbx.fbx using Guid(6f012b33467426c43a1c019d350c0a03) Importer(815301076,1909f56bfc062723c751e8b465ee728b)  -> (artifact id: 'b066087f44c953412bacd0cdb2e4ee8c') in 0.053807 seconds
Number of updated asset objects reloaded before import = 0
Number of asset objects unloaded after import = 120
========================================================================
Received Prepare
Begin MonoManager ReloadAssembly
- Loaded All Assemblies, in  0.576 seconds
Refreshing native plugins compatible for Editor in 4.38 ms, found 3 plugins.
Native extension for WindowsStandalone target not found
Native extension for Android target not found
Mono: successfully reloaded assembly
- Finished resetting the current domain, in  1.159 seconds
Domain Reload Profiling: 1734ms
	BeginReloadAssembly (217ms)
		ExecutionOrderSort (0ms)
		DisableScriptedObjects (5ms)
		BackupInstance (0ms)
		ReleaseScriptingObjects (0ms)
		CreateAndSetChildDomain (44ms)
	RebuildCommonClasses (36ms)
	RebuildNativeTypeToScriptingClass (16ms)
	initialDomainReloadingComplete (38ms)
	LoadAllAssembliesAndSetupDomain (267ms)
		LoadAssemblies (388ms)
		RebuildTransferFunctionScriptingTraits (0ms)
		AnalyzeDomain (18ms)
			TypeCache.Refresh (7ms)
				TypeCache.ScanAssembly (0ms)
			ScanForSourceGeneratedMonoScriptInfo (0ms)
			ResolveRequiredComponents (10ms)
	FinalizeReload (1160ms)
		ReleaseScriptCaches (0ms)
		RebuildScriptCaches (0ms)
		SetupLoadedEditorAssemblies (467ms)
			LogAssemblyErrors (0ms)
			InitializePlatformSupportModulesInManaged (27ms)
			SetLoadedEditorAssemblies (4ms)
			RefreshPlugins (0ms)
			BeforeProcessingInitializeOnLoad (72ms)
			ProcessInitializeOnLoadAttributes (331ms)
			ProcessInitializeOnLoadMethodAttributes (29ms)
			AfterProcessingInitializeOnLoad (4ms)
			EditorAssembliesLoaded (0ms)
		ExecutionOrderSort2 (0ms)
		AwakeInstancesAfterBackupRestoration (20ms)
Refreshing native plugins compatible for Editor in 5.58 ms, found 3 plugins.
Preloading 0 native plugins for Editor in 0.00 ms.
Unloading 3237 Unused Serialized files (Serialized files now loaded: 0)
Unloading 24 unused Assets / (31.1 KB). Loaded Objects now: 3803.
Memory consumption went from 146.1 MB to 146.1 MB.
Total: 4.299000 ms (FindLiveObjects: 0.391400 ms CreateObjectMapping: 0.549400 ms MarkObjects: 3.285900 ms  DeleteObjects: 0.071100 ms)

Prepare: number of updated asset objects reloaded= 0
AssetImportParameters requested are different than current active one (requested -> active):
  custom:container-demuxer-ogg: 62fdf1f143b41e24485cea50d1cbac27 -> 
  custom:video-decoder-ogg-theora: a1e56fd34408186e4bbccfd4996cb3dc -> 
  custom:framework-win-MediaFoundation: 216162199b28c13a410421893ffa2e32 -> 
  custom:CustomObjectIndexerAttribute: 9a22284fe3817be447336de3de66b15e -> 
  custom:container-demuxer-webm: 4f35f7cbe854078d1ac9338744f61a02 -> 
  custom:container-muxer-webm: aa71ff27fc2769a1b78a27578f13a17b -> 
  custom:video-decoder-webm-vp8: 9c59270c3fd7afecdb556c50c9e8de78 -> 
  custom:SearchIndexIgnoredProperties: e643bd26f0fe6173181afceb89e7c659 -> 
  custom:AudioImporter_EditorPlatform: d09bf68614088b80899f8185d706f6e7 -> 
  custom:video-encoder-webm-vp8: eb34c28f22e8b96e1ab97ce403110664 -> 
  custom:audio-decoder-ogg-vorbis: bf7c407c2cedff20999df2af8eb42d56 -> 
  custom:audio-encoder-webm-vorbis: bf7c407c2cedff20999df2af8eb42d56 -> 
========================================================================
Received Import Request.
  Time since last request: 56.208924 seconds.
  path: Assets/ForPlayerAsset/Whale/Objects/Materials/lambert1.mat
  artifactKey: Guid(cf7b374de665d3e45b90452b28f6ad98) Importer(815301076,1909f56bfc062723c751e8b465ee728b)
Start importing Assets/ForPlayerAsset/Whale/Objects/Materials/lambert1.mat using Guid(cf7b374de665d3e45b90452b28f6ad98) Importer(815301076,1909f56bfc062723c751e8b465ee728b)  -> (artifact id: '423308283bc048353f99d93b92ba103e') in 0.100986 seconds
Number of updated asset objects reloaded before import = 0
Number of asset objects unloaded after import = 1
========================================================================
Received Import Request.
  Time since last request: 0.792588 seconds.
  path: Assets/ForPlayerAsset/Whale/Main Files_aka_Prefabs/Whale.prefab
  artifactKey: Guid(f85e3056e6d31594d8f370d05da256ff) Importer(815301076,1909f56bfc062723c751e8b465ee728b)
Start importing Assets/ForPlayerAsset/Whale/Main Files_aka_Prefabs/Whale.prefab using Guid(f85e3056e6d31594d8f370d05da256ff) Importer(815301076,1909f56bfc062723c751e8b465ee728b)  -> (artifact id: 'a4b73f712ac226cfe6856b3884491de9') in 0.035449 seconds
Number of updated asset objects reloaded before import = 0
Number of asset objects unloaded after import = 113
========================================================================
Received Import Request.
  Time since last request: 31.652368 seconds.
  path: Assets/Image/Whale.PNG
  artifactKey: Guid(a07522d88a52eb24a84754e88c8c4a2f) Importer(815301076,1909f56bfc062723c751e8b465ee728b)
Start importing Assets/Image/Whale.PNG using Guid(a07522d88a52eb24a84754e88c8c4a2f) Importer(815301076,1909f56bfc062723c751e8b465ee728b)  -> (artifact id: 'ab4a3a3fa061d9a6164f6ff70ab0f40f') in 0.024927 seconds
Number of updated asset objects reloaded before import = 0
Number of asset objects unloaded after import = 2
========================================================================
Received Import Request.
  Time since last request: 5.739858 seconds.
  path: Assets/Image/Whale.PNG
  artifactKey: Guid(a07522d88a52eb24a84754e88c8c4a2f) Importer(815301076,1909f56bfc062723c751e8b465ee728b)
Start importing Assets/Image/Whale.PNG using Guid(a07522d88a52eb24a84754e88c8c4a2f) Importer(815301076,1909f56bfc062723c751e8b465ee728b)  -> (artifact id: 'b393db9683c6827ba5c10b83ebcb0a42') in 0.036342 seconds
Number of updated asset objects reloaded before import = 0
Number of asset objects unloaded after import = 3
========================================================================
Received Import Request.
  Time since last request: 429.691057 seconds.
  path: Assets/Prefabs/Player/Rake/Rake.prefab
  artifactKey: Guid(009418bc6e9f1154f9f29dedaeb2537b) Importer(815301076,1909f56bfc062723c751e8b465ee728b)
Start importing Assets/Prefabs/Player/Rake/Rake.prefab using Guid(009418bc6e9f1154f9f29dedaeb2537b) Importer(815301076,1909f56bfc062723c751e8b465ee728b)  -> (artifact id: '9c2e3c6b968f96eaba1e47edb07d691d') in 0.093675 seconds
Number of updated asset objects reloaded before import = 0
Number of asset objects unloaded after import = 228
========================================================================
Received Import Request.
  Time since last request: 6.726767 seconds.
  path: Assets/Prefabs/Player/Golem/Golem.prefab
  artifactKey: Guid(3bdc8a9105b0aa84098bca4cbc8619ef) Importer(815301076,1909f56bfc062723c751e8b465ee728b)
Start importing Assets/Prefabs/Player/Golem/Golem.prefab using Guid(3bdc8a9105b0aa84098bca4cbc8619ef) Importer(815301076,1909f56bfc062723c751e8b465ee728b)  -> (artifact id: '38d38c7d35cb75261bf108c4fe157d30') in 0.132268 seconds
Number of updated asset objects reloaded before import = 0
Number of asset objects unloaded after import = 83
========================================================================
Received Import Request.
  Time since last request: 9.594236 seconds.
  path: Assets/Prefabs/Player/Beetle/Beetle.prefab
  artifactKey: Guid(611ee332eaea9fe45a2c68a51a8787a4) Importer(815301076,1909f56bfc062723c751e8b465ee728b)
Start importing Assets/Prefabs/Player/Beetle/Beetle.prefab using Guid(611ee332eaea9fe45a2c68a51a8787a4) Importer(815301076,1909f56bfc062723c751e8b465ee728b)  -> (artifact id: '48dd6f29fe847e64987eb34b4a11498f') in 0.049996 seconds
Number of updated asset objects reloaded before import = 0
Number of asset objects unloaded after import = 112
========================================================================
Received Import Request.
  Time since last request: 11.404137 seconds.
  path: Assets/Prefabs/Player/Whale/Whale.prefab
  artifactKey: Guid(993d0bb543ed60141aebc95bfebc227f) Importer(815301076,1909f56bfc062723c751e8b465ee728b)
Start importing Assets/Prefabs/Player/Whale/Whale.prefab using Guid(993d0bb543ed60141aebc95bfebc227f) Importer(815301076,1909f56bfc062723c751e8b465ee728b)  -> (artifact id: '6f5d70222ac7413d3fe15697f40561d1') in 0.043024 seconds
Number of updated asset objects reloaded before import = 0
Number of asset objects unloaded after import = 138
========================================================================
Received Import Request.
  Time since last request: 14.537461 seconds.
  path: Assets/Prefabs/Player/Sting/Sting.prefab
  artifactKey: Guid(8ee290f69d916de4cb9c25bf4c5baab3) Importer(815301076,1909f56bfc062723c751e8b465ee728b)
Start importing Assets/Prefabs/Player/Sting/Sting.prefab using Guid(8ee290f69d916de4cb9c25bf4c5baab3) Importer(815301076,1909f56bfc062723c751e8b465ee728b)  -> (artifact id: '1b66e5f787d49e1245a574c8b4947358') in 0.120131 seconds
Number of updated asset objects reloaded before import = 0
Number of asset objects unloaded after import = 157
